<?xml version="1.0" encoding="UTF-8"?>
<testng-results ignored="0" total="2" passed="2" failed="0" skipped="0">
  <reporter-output>
  </reporter-output>
  <suite started-at="2023-08-02T19:44:50 IST" name="Suite" finished-at="2023-08-02T19:45:15 IST" duration-ms="25400">
    <groups>
    </groups>
    <test started-at="2023-08-02T19:44:50 IST" name="Test" finished-at="2023-08-02T19:45:15 IST" duration-ms="25400">
      <class name="testcases.signUp">
        <test-method is-config="true" signature="LaunchBrowserandUrl()[pri:0, instance:testcases.signUp@34a3d150]" started-at="2023-08-02T19:44:50 IST" name="LaunchBrowserandUrl" finished-at="2023-08-02T19:44:57 IST" duration-ms="6996" status="PASS">
          <reporter-output>
          </reporter-output>
        </test-method> <!-- LaunchBrowserandUrl -->
        <test-method signature="verifySignup()[pri:0, instance:testcases.signUp@34a3d150]" started-at="2023-08-02T19:44:57 IST" name="verifySignup" finished-at="2023-08-02T19:45:11 IST" duration-ms="13627" status="PASS">
          <reporter-output>
          </reporter-output>
        </test-method> <!-- verifySignup -->
      </class> <!-- testcases.signUp -->
      <class name="testcases.login">
        <test-method is-config="true" signature="LaunchBrowserandUrl()[pri:0, instance:testcases.login@28701274]" started-at="2023-08-02T19:45:11 IST" name="LaunchBrowserandUrl" finished-at="2023-08-02T19:45:15 IST" duration-ms="4001" status="PASS">
          <reporter-output>
          </reporter-output>
        </test-method> <!-- LaunchBrowserandUrl -->
        <test-method signature="werifyLogin()[pri:0, instance:testcases.login@28701274]" started-at="2023-08-02T19:45:15 IST" name="werifyLogin" finished-at="2023-08-02T19:45:15 IST" duration-ms="663" status="PASS">
          <reporter-output>
          </reporter-output>
        </test-method> <!-- werifyLogin -->
      </class> <!-- testcases.login -->
    </test> <!-- Test -->
  </suite> <!-- Suite -->
</testng-results>
